<?xml version="1.0" encoding="UTF-8"?>
<!-- Generated by org.testng.reporters.JUnitXMLReporter -->
<testsuite ignored="8" hostname="DESKTOP-FQ2Q8F9" failures="1" tests="4" name="Test" time="152.405" errors="0" timestamp="2023-10-01T14:56:41 IST">
  <testcase classname="soundarya.TC_07CreateOrgWithTickerSymbolTest" name="createOrgWithTickerSymbol" time="9.467">
    <failure type="java.lang.IllegalStateException" message="Cannot get a STRING value from a NUMERIC cell">
      <![CDATA[java.lang.IllegalStateException: Cannot get a STRING value from a NUMERIC cell
at org.apache.poi.xssf.usermodel.XSSFCell.typeMismatch(XSSFCell.java:987)
at org.apache.poi.xssf.usermodel.XSSFCell.getRichStringCellValue(XSSFCell.java:336)
at org.apache.poi.xssf.usermodel.XSSFCell.getStringCellValue(XSSFCell.java:280)
at vtigergenericUtilities.ExcelUtility.fetchSingledata(ExcelUtility.java:70)
at soundarya.TC_07CreateOrgWithTickerSymbolTest.createOrgWithTickerSymbol(TC_07CreateOrgWithTickerSymbolTest.java:35)
at java.base/java.util.ArrayList.forEach(ArrayList.java:1511)
... Removed 27 stack frames]]>
    </failure>
  </testcase> <!-- createOrgWithTickerSymbol -->
  <testcase classname="soundarya.CreateOrganisationWithNameTest" name="createOrgWithName" time="22.387"/>
  <testcase classname="soundarya.TC_06CreateOrganisdatioWithTypeTest" name="createOrWithType" time="13.575"/>
  <testcase classname="soundarya.TC_04CreateOrganisationWithIndustry" name="createOrgWithindustry" time="18.047"/>
  <testcase classname="vtigergenericUtilities.BaseClass" name="@AfterSuite as" time="0.0">
    <ignored/>
  </testcase> <!-- @AfterSuite as -->
  <testcase classname="vtigergenericUtilities.BaseClass" name="@AfterSuite as" time="0.0">
    <ignored/>
  </testcase> <!-- @AfterSuite as -->
  <testcase classname="vtigergenericUtilities.BaseClass" name="@AfterSuite as" time="0.0">
    <ignored/>
  </testcase> <!-- @AfterSuite as -->
  <testcase classname="vtigergenericUtilities.BaseClass" name="@AfterSuite as" time="0.0">
    <ignored/>
  </testcase> <!-- @AfterSuite as -->
  <testcase classname="vtigergenericUtilities.BaseClass" name="@BeforeSuite bs" time="0.0">
    <ignored/>
  </testcase> <!-- @BeforeSuite bs -->
  <testcase classname="vtigergenericUtilities.BaseClass" name="@BeforeSuite bs" time="0.0">
    <ignored/>
  </testcase> <!-- @BeforeSuite bs -->
  <testcase classname="vtigergenericUtilities.BaseClass" name="@BeforeSuite bs" time="0.0">
    <ignored/>
  </testcase> <!-- @BeforeSuite bs -->
  <testcase classname="vtigergenericUtilities.BaseClass" name="@BeforeSuite bs" time="0.0">
    <ignored/>
  </testcase> <!-- @BeforeSuite bs -->
</testsuite> <!-- Test -->
